<?xml version="1.0" encoding="UTF-8" standalone="no"?>
<testsuite failures="0" name="cucumber.runtime.formatter.JUnitFormatter" skipped="0" tests="3" time="10.765777">
<testcase classname="google verification" name="Enter a search keyword in google search field And verify search page is displayed" time="9.512982">
<system-out><![CDATA[Given user open page using url :http://www.google.com.......................passed
And user enter value :TrueFit.com in field :googleSearchField...............passed
And user click on action with id :googleSearchAction........................passed
Then verify page that contains url is displayed :search?source=,=TrueFit.com.passed
]]></system-out>
</testcase>
<testcase classname="google verification" name="Enter an empty search keyword in google search field and verify search page is not displayed" time="0.611023">
<system-out><![CDATA[Given user open page using url :http://www.google.com.......................passed
And user click on submit for action with id :googleSearchAction.............passed
Then verify text not present on page :googleImageText,googleVideoText.......passed
Then verify page url doesn't contain :search?source=,=TureFit.com...........passed
]]></system-out>
</testcase>
<testcase classname="google verification" name="Verify google home page elements" time="0.641772">
<system-out><![CDATA[Given user open page using url :http://www.google.com.......................passed
Then verify page elements are present :googleImage,googleSearchAction,googleSearchField.passed
]]></system-out>
</testcase>
</testsuite>
